<?xml version="1.0" encoding="UTF-8" ?>
<testsuite tests="2" failures="0" name="fortifiedid.bankidapi.sign.SignRequestTest" time="0.007" errors="0" skipped="0">
  <properties>
    <property name="java.runtime.name" value="OpenJDK Runtime Environment"/>
    <property name="java.vm.version" value="17.0.2+8-LTS"/>
    <property name="sun.boot.library.path" value="/Library/Java/JavaVirtualMachines/zulu17.32.13-ca-jdk17.0.2-macosx_x64/zulu-17.jdk/Contents/Home/lib"/>
    <property name="maven.multiModuleProjectDirectory" value="/Users/andersandren/github/bankidapi"/>
    <property name="java.vm.vendor" value="Azul Systems, Inc."/>
    <property name="java.vendor.url" value="http://www.azul.com/"/>
    <property name="guice.disable.misplaced.annotation.check" value="true"/>
    <property name="path.separator" value=":"/>
    <property name="java.vm.name" value="OpenJDK 64-Bit Server VM"/>
    <property name="user.country" value="SE"/>
    <property name="sun.java.launcher" value="SUN_STANDARD"/>
    <property name="java.vm.specification.name" value="Java Virtual Machine Specification"/>
    <property name="user.dir" value="/Users/andersandren/github/bankidapi"/>
    <property name="java.vm.compressedOopsMode" value="Zero based"/>
    <property name="java.runtime.version" value="17.0.2+8-LTS"/>
    <property name="os.arch" value="x86_64"/>
    <property name="java.io.tmpdir" value="/var/folders/qb/v_pf1h_j6j716qr48fwmbnf80000gn/T/"/>
    <property name="line.separator" value="
"/>
    <property name="java.vm.specification.vendor" value="Oracle Corporation"/>
    <property name="os.name" value="Mac OS X"/>
    <property name="classworlds.conf" value="/Applications/apache-maven-3.6.1/bin/m2.conf"/>
    <property name="sun.jnu.encoding" value="UTF-8"/>
    <property name="java.library.path" value="/Users/andersandren/Library/Java/Extensions:/Library/Java/Extensions:/Network/Library/Java/Extensions:/System/Library/Java/Extensions:/usr/lib/java:."/>
    <property name="maven.conf" value="/Applications/apache-maven-3.6.1/conf"/>
    <property name="jdk.debug" value="release"/>
    <property name="java.class.version" value="61.0"/>
    <property name="java.specification.name" value="Java Platform API Specification"/>
    <property name="sun.management.compiler" value="HotSpot 64-Bit Tiered Compilers"/>
    <property name="os.version" value="12.2.1"/>
    <property name="library.jansi.path" value="/Applications/apache-maven-3.6.1/lib/jansi-native"/>
    <property name="user.home" value="/Users/andersandren"/>
    <property name="user.timezone" value="Europe/Stockholm"/>
    <property name="file.encoding" value="UTF-8"/>
    <property name="java.specification.version" value="17"/>
    <property name="user.name" value="andersandren"/>
    <property name="java.class.path" value="/Applications/apache-maven-3.6.1/boot/plexus-classworlds-2.6.0.jar"/>
    <property name="java.vm.specification.version" value="17"/>
    <property name="sun.arch.data.model" value="64"/>
    <property name="sun.java.command" value="org.codehaus.plexus.classworlds.launcher.Launcher clean install"/>
    <property name="java.home" value="/Library/Java/JavaVirtualMachines/zulu17.32.13-ca-jdk17.0.2-macosx_x64/zulu-17.jdk/Contents/Home"/>
    <property name="user.language" value="en"/>
    <property name="java.specification.vendor" value="Oracle Corporation"/>
    <property name="java.vm.info" value="mixed mode, sharing"/>
    <property name="java.version" value="17.0.2"/>
    <property name="native.encoding" value="UTF-8"/>
    <property name="java.vendor" value="Azul Systems, Inc."/>
    <property name="sun.stderr.encoding" value="UTF-8"/>
    <property name="maven.home" value="/Applications/apache-maven-3.6.1"/>
    <property name="file.separator" value="/"/>
    <property name="java.version.date" value="2022-01-18"/>
    <property name="java.vendor.url.bug" value="http://www.azul.com/support/"/>
    <property name="sun.io.unicode.encoding" value="UnicodeBig"/>
    <property name="sun.cpu.endian" value="little"/>
    <property name="java.vendor.version" value="Zulu17.32+13-CA"/>
    <property name="sun.stdout.encoding" value="UTF-8"/>
  </properties>
  <testcase classname="fortifiedid.bankidapi.sign.SignRequestTest" name="testJson" time="0.007"/>
  <testcase classname="fortifiedid.bankidapi.sign.SignRequestTest" name="testEmptyJson" time="0"/>
</testsuite>